0 info it worked if it ends with ok
1 verbose cli [ 'C:\\Program Files\\nodejs\\node.exe',
1 verbose cli   'C:\\Program Files\\nodejs\\node_modules\\npm\\bin\\npm-cli.js',
1 verbose cli   'run',
1 verbose cli   'dev' ]
2 info using npm@3.10.9
3 info using node@v6.6.0
4 verbose run-script [ 'predev', 'dev', 'postdev' ]
5 info lifecycle typescript@1.0.0~predev: typescript@1.0.0
6 silly lifecycle typescript@1.0.0~predev: no script for predev, continuing
7 info lifecycle typescript@1.0.0~dev: typescript@1.0.0
8 verbose lifecycle typescript@1.0.0~dev: unsafe-perm in lifecycle true
9 verbose lifecycle typescript@1.0.0~dev: PATH: C:\Program Files\nodejs\node_modules\npm\bin\node-gyp-bin;C:\Users\Thembani\Documents\Playground\typescript\node_modules\.bin;C:\Python27\;C:\Python27\Scripts;C:\Program Files (x86)\iis express\PHP\v5.5;C:\Windows\system32\inetsrv;C:\Windows\system32;C:\Program Files (x86)\NVIDIA Corporation\PhysX\Common;C:\ProgramData\Oracle\Java\javapath;C:\Program Files (x86)\OpenSSH\bin;C:\Program Files (x86)\Heroku\bin;C:\Program Files (x86)\git\cmd;C:\Program Files (x86)\Windows Kits\8.1\Windows Performance Toolkit\;C:\Program Files (x86)\Android\android-sdk\tools\;C:\Program Files (x86)\Android\android-sdk\platform-tools\;C:\apache-ant-1.9.4\\bin\;C:\Program Files\Java\jdk1.8.0_05\bin\;C:\Python25\;C:\Users\Thembani\AppData\Roaming\nvm;C:\Program Files\nodejs;C:\Program Files\Microsoft SQL Server\120\Tools\Binn\;C:\Program Files (x86)\Microsoft SDKs\TypeScript\1.0\;C:\gradle-2.2.1\bin;C:\xampp\php;C:\ProgramData\ComposerSetup\bin;C:\Program Files (x86)\MySQL\MySQL Fabric 1.5.3 & MySQL Utilities 1.5.3 1.5\;C:\Program Files (x86)\MySQL\MySQL Fabric 1.5.3 & MySQL Utilities 1.5.3 1.5\Doctrin;C:\Program Files (x86)\Git\cmd;C:\Users\Thembani\AppData\Local\.meteor;C:\Users\Thembani\AppData\Roaming\npm;C:\Program Files (x86)\Skype\Phone\;C:\HashiCorp\Vagrant\bin;C:\Users\Thembani\AppData\Local\atom\bin;C:\Program Files (x86)\Microsoft Emulator Manager\1.0\;C:\Program Files (x86)\QuickTime\QTSystem\;C:\Users\Thembani\ngrok;C:\Program Files\Git\cmd;C:\WINDOWS\System32\WindowsPowerShell\v1.0\;C:\WINDOWS\system32;C:\WINDOWS;C:\WINDOWS\System32\Wbem;C:\galenframework;C:\chromedriver;C:\ProgramData\chocolatey\bin;C:\Program Files\Java\jdk1.8.0_102\bin;C:\Users\Thembani\AppData\Local\Android\android-sdk\tools;C:\Users\Thembani\AppData\Local\Android\android-sdk\platform-tools;C:\Program Files\Microsoft SQL Server\130\Tools\Binn\;C:\Program Files\dotnet\;C:\Program Files\nodejs\;C:\Program Files\TortoiseGit\bin;C:\Python27\;C:\Python27\Scripts;C:\Program Files (x86)\iis express\PHP\v5.5;C:\Windows\system32\inetsrv;C:\Windows\system32;C:\Program Files (x86)\NVIDIA Corporation\PhysX\Common;C:\ProgramData\Oracle\Java\javapath;C:\Program Files (x86)\OpenSSH\bin;C:\Program Files (x86)\Heroku\bin;C:\Program Files (x86)\git\cmd;C:\Program Files (x86)\Windows Kits\8.1\Windows Performance Toolkit\;C:\Program Files (x86)\Android\android-sdk\tools\;C:\Program Files (x86)\Android\android-sdk\platform-tools\;C:\apache-ant-1.9.4\\bin\;C:\Program Files\Java\jdk1.8.0_05\bin\;C:\Python25\;C:\Users\Thembani\AppData\Roaming\nvm;C:\Program Files\nodejs;C:\Program Files\Microsoft SQL Server\120\Tools\Binn\;C:\Program Files (x86)\Microsoft SDKs\TypeScript\1.0\;C:\gradle-2.2.1\bin;C:\xampp\php;C:\ProgramData\ComposerSetup\bin;C:\Program Files (x86)\MySQL\MySQL Fabric 1.5.3 & MySQL Utilities 1.5.3 1.5\;C:\Program Files (x86)\MySQL\MySQL Fabric 1.5.3 & MySQL Utilities 1.5.3 1.5\Doctrin;C:\Program Files (x86)\Git\cmd;C:\Users\Thembani\AppData\Local\.meteor;C:\Users\Thembani\AppData\Roaming\npm;C:\Program Files (x86)\Skype\Phone\;C:\HashiCorp\Vagrant\bin;C:\Users\Thembani\AppData\Local\atom\bin;C:\Program Files (x86)\Microsoft Emulator Manager\1.0\;C:\Program Files (x86)\QuickTime\QTSystem\;C:\Users\Thembani\ngrok;C:\Program Files\Git\cmd;C:\WINDOWS\System32\WindowsPowerShell\v1.0\;C:\WINDOWS\system32;C:\WINDOWS;C:\WINDOWS\System32\Wbem;C:\galenframework;C:\chromedriver;C:\ProgramData\chocolatey\bin;C:\Program Files\Java\jdk1.8.0_102\bin;C:\Users\Thembani\AppData\Local\Android\android-sdk\tools;C:\Users\Thembani\AppData\Local\Android\android-sdk\platform-tools;C:\Program Files\Microsoft SQL Server\130\Tools\Binn\;C:\Program Files\dotnet\;C:\Program Files\nodejs\;C:\Program Files\TortoiseGit\bin;C:\Users\Thembani\.dnx\bin;C:\Program Files\Microsoft DNX\Dnvm\;C:\Program Files\Docker\Docker\Resources\bin;C:\Windows\System32\WindowsPowerShell\v1.0\;C:\RailsInstaller\Ruby2.1.0\bin;C:\Users\Thembani\AppData\Local\Programs\Python\Python35-32\Scripts\;C:\Users\Thembani\AppData\Local\Programs\Python\Python35-32\;C:\Program Files (x86)\MySQL\;C:\Program Files (x86)\Microsoft VS Code\bin;C:\Users\Thembani\AppData\Local\Spoon\Cmd;C:\Users\Thembani\AppData\Local\Microsoft\WindowsApps
10 verbose lifecycle typescript@1.0.0~dev: CWD: C:\Users\Thembani\Documents\Playground\typescript
11 silly lifecycle typescript@1.0.0~dev: Args: [ '/d /s /c', 'tsc slide.ts --watch' ]
12 verbose stack Error: kill ENOSYS
12 verbose stack     at exports._errnoException (util.js:1036:11)
12 verbose stack     at process.kill (internal/process.js:172:13)
12 verbose stack     at process.listener (C:\Program Files\nodejs\node_modules\npm\node_modules\npmlog\node_modules\gauge\node_modules\signal-exit\index.js:86:15)
12 verbose stack     at emitNone (events.js:91:20)
12 verbose stack     at process.emit (events.js:185:7)
12 verbose stack     at processEmit (C:\Program Files\nodejs\node_modules\npm\node_modules\npmlog\node_modules\gauge\node_modules\signal-exit\index.js:146:32)
12 verbose stack     at processEmit (C:\Program Files\nodejs\node_modules\npm\node_modules\npm-registry-client\node_modules\npmlog\node_modules\gauge\node_modules\signal-exit\index.js:146:32)
12 verbose stack     at Signal.wrap.onsignal (internal/process.js:199:44)
13 verbose cwd C:\Users\Thembani\Documents\Playground\typescript
14 error Windows_NT 10.0.14393
15 error argv "C:\\Program Files\\nodejs\\node.exe" "C:\\Program Files\\nodejs\\node_modules\\npm\\bin\\npm-cli.js" "run" "dev"
16 error node v6.6.0
17 error npm  v3.10.9
18 error code ENOSYS
19 error errno ENOSYS
20 error syscall kill
21 error kill ENOSYS
22 error If you need help, you may report this error at:
22 error     <https://github.com/npm/npm/issues>
23 verbose exit [ 1, true ]
